<?xml version="1.0" encoding="UTF-8"?>
<!-- Generated by org.testng.reporters.JUnitReportReporter -->
<testsuite hostname="DESKTOP-4GHIVJ6" failures="0" tests="2" name="TestNGStudy.AnnotationStudy" time="0.024" errors="0" timestamp="2022-11-08T19:50:26 IST" skipped="0">
  <testcase classname="TestNGStudy.AnnotationStudy" name="ValidatePin" time="0.019"/>
  <system-out>
    <![CDATA[Pin Validation Done-->@Test Used]]>
  </system-out>
  <testcase classname="TestNGStudy.AnnotationStudy" name="ValidateUserID" time="0.005"/>
  <system-out>
    <![CDATA[USerID Validation Done-->@Test Used]]>
  </system-out>
</testsuite> <!-- TestNGStudy.AnnotationStudy -->
