<?xml version="1.0" encoding="UTF-8"?>
<!-- Generated by org.testng.reporters.JUnitReportReporter -->
<testsuite hostname="DESKTOP-4GHIVJ6" failures="0" tests="1" name="HardAssertStudy.TC1" time="13.267" errors="0" timestamp="2022-11-17T20:18:44 IST" skipped="0">
  <testcase classname="HardAssertStudy.TC1" name="verifycheckbox" time="13.267"/>
  <system-out/>
</testsuite> <!-- HardAssertStudy.TC1 -->
