<?xml version="1.0" encoding="UTF-8"?>
<!-- Generated by org.testng.reporters.JUnitReportReporter -->
<testsuite hostname="DESKTOP-4GHIVJ6" failures="0" tests="2" name="TestNGStudy.GroupingClass" time="0.023" errors="0" timestamp="2022-11-17T10:16:47 IST" skipped="0">
  <testcase classname="TestNGStudy.GroupingClass" name="D" time="0.003"/>
  <system-out>
    <![CDATA[D TC running]]>
  </system-out>
  <testcase classname="TestNGStudy.GroupingClass" name="B" time="0.020"/>
  <system-out>
    <![CDATA[B TC running]]>
  </system-out>
</testsuite> <!-- TestNGStudy.GroupingClass -->
