<?xml version="1.0" encoding="UTF-8"?>
<!-- Generated by org.testng.reporters.JUnitReportReporter -->
<testsuite hostname="DESKTOP-4GHIVJ6" failures="0" tests="1" name="HardAssertStudy.AssertNull" time="0.025" errors="0" timestamp="2022-11-21T20:43:46 IST" skipped="0">
  <testcase classname="HardAssertStudy.AssertNull" name="assertnulluse" time="0.025"/>
  <system-out/>
</testsuite> <!-- HardAssertStudy.AssertNull -->
