<?xml version="1.0" encoding="UTF-8"?>
<!-- Generated by org.testng.reporters.JUnitReportReporter -->
<testsuite hostname="DESKTOP-4GHIVJ6" failures="0" tests="3" name="TestNGStudy.TestNGxml" time="0.032" errors="0" timestamp="2022-11-16T21:59:04 IST" skipped="0">
  <testcase classname="TestNGStudy.TestNGxml" name="C" time="0.024"/>
  <system-out>
    <![CDATA[C TC running]]>
  </system-out>
  <testcase classname="TestNGStudy.TestNGxml" name="E" time="0.005"/>
  <system-out>
    <![CDATA[E TC running]]>
  </system-out>
  <testcase classname="TestNGStudy.TestNGxml" name="D" time="0.003"/>
  <system-out>
    <![CDATA[D TC running]]>
  </system-out>
</testsuite> <!-- TestNGStudy.TestNGxml -->
