<?xml version="1.0" encoding="UTF-8"?>
<!-- Generated by org.testng.reporters.JUnitReportReporter -->
<testsuite hostname="DESKTOP-4GHIVJ6" failures="0" tests="1" name="NeoStox.Validatefirstnameandlastname" time="51.163" errors="0" timestamp="2022-11-30T20:02:54 IST" skipped="0">
  <testcase classname="NeoStox.Validatefirstnameandlastname" name="FNandLNvalidation" time="51.163"/>
  <system-out/>
</testsuite> <!-- NeoStox.Validatefirstnameandlastname -->
