<?xml version="1.0" encoding="UTF-8"?>
<!-- Generated by org.testng.reporters.JUnitReportReporter -->
<testsuite hostname="DESKTOP-4GHIVJ6" failures="0" tests="3" name="TestNGStudy.TestNGXML2" time="0.011" errors="0" timestamp="2022-11-16T21:59:04 IST" skipped="0">
  <testcase classname="TestNGStudy.TestNGXML2" name="f" time="0.005"/>
  <system-out>
    <![CDATA[F TC running]]>
  </system-out>
  <testcase classname="TestNGStudy.TestNGXML2" name="J" time="0.003"/>
  <system-out>
    <![CDATA[J TC running]]>
  </system-out>
  <testcase classname="TestNGStudy.TestNGXML2" name="G" time="0.003"/>
  <system-out>
    <![CDATA[G TC running]]>
  </system-out>
</testsuite> <!-- TestNGStudy.TestNGXML2 -->
