<?xml version="1.0" encoding="UTF-8"?>
<!-- Generated by org.testng.reporters.JUnitReportReporter -->
<testsuite hostname="DESKTOP-4GHIVJ6" failures="0" tests="1" name="HardAssertStudy.AssertNotEquals" time="0.029" errors="0" timestamp="2022-11-21T17:25:12 IST" skipped="0">
  <testcase classname="HardAssertStudy.AssertNotEquals" name="AssertNotEqualsUse" time="0.029"/>
  <system-out>
    <![CDATA[TC is passed A & B are not matching]]>
  </system-out>
</testsuite> <!-- HardAssertStudy.AssertNotEquals -->
