<?xml version="1.0" encoding="UTF-8"?>
<!-- Generated by org.testng.reporters.JUnitReportReporter -->
<testsuite hostname="DESKTOP-4GHIVJ6" failures="0" tests="3" name="TestNGStudy.GroupingClass1" time="0.008" errors="0" timestamp="2022-11-17T10:16:47 IST" skipped="0">
  <testcase classname="TestNGStudy.GroupingClass1" name="H" time="0.003"/>
  <system-out>
    <![CDATA[H TC running]]>
  </system-out>
  <testcase classname="TestNGStudy.GroupingClass1" name="F" time="0.002"/>
  <system-out>
    <![CDATA[F TC running]]>
  </system-out>
  <testcase classname="TestNGStudy.GroupingClass1" name="J" time="0.003"/>
  <system-out>
    <![CDATA[J TC running]]>
  </system-out>
</testsuite> <!-- TestNGStudy.GroupingClass1 -->
