<?xml version="1.0" encoding="UTF-8"?>
<!-- Generated by org.testng.reporters.JUnitReportReporter -->
<testsuite hostname="DESKTOP-4GHIVJ6" failures="0" tests="5" name="TestNGStudy.NewTest4" time="0.040" errors="0" timestamp="2022-11-08T20:04:19 IST" skipped="1">
  <testcase classname="TestNGStudy.NewTest4" name="C" time="0.004"/>
  <system-out>
    <![CDATA[Hi this is method C]]>
  </system-out>
  <testcase classname="TestNGStudy.NewTest4" name="B" time="0.025"/>
  <system-out>
    <![CDATA[Hi this is method B]]>
  </system-out>
  <testcase classname="TestNGStudy.NewTest4" name="D" time="0.004"/>
  <system-out>
    <![CDATA[Hi this is method D]]>
  </system-out>
  <testcase classname="TestNGStudy.NewTest4" name="E" time="0.007"/>
  <system-out>
    <![CDATA[Hi this is method E]]>
  </system-out>
  <testcase classname="TestNGStudy.NewTest4" name="A">
    <skipped/>
  </testcase> <!-- A -->
  <system-out/>
</testsuite> <!-- TestNGStudy.NewTest4 -->
