<?xml version="1.0" encoding="UTF-8"?>
<!-- Generated by org.testng.reporters.JUnitReportReporter -->
<testsuite hostname="DESKTOP-4GHIVJ6" failures="0" tests="1" name="TestNGStudy.SerialParllelExecution" time="21.307" errors="0" timestamp="2022-11-17T16:49:08 IST" skipped="0">
  <testcase classname="TestNGStudy.SerialParllelExecution" name="LaunchAmazon" time="21.307"/>
  <system-out/>
</testsuite> <!-- TestNGStudy.SerialParllelExecution -->
