<?xml version="1.0" encoding="UTF-8"?>
<!-- Generated by org.testng.reporters.JUnitReportReporter -->
<testsuite hostname="DESKTOP-4GHIVJ6" failures="0" tests="2" name="TestNGStudy.NewTest2" time="0.039" errors="0" timestamp="2022-11-08T19:48:33 IST" skipped="0">
  <testcase classname="TestNGStudy.NewTest2" name="Display2" time="0.005"/>
  <system-out>
    <![CDATA[Good morning,my name is Vinayak]]>
  </system-out>
  <testcase classname="TestNGStudy.NewTest2" name="Display" time="0.034"/>
  <system-out>
    <![CDATA[HI,Good morning]]>
  </system-out>
</testsuite> <!-- TestNGStudy.NewTest2 -->
