<?xml version="1.0" encoding="UTF-8"?>
<!-- Generated by org.testng.reporters.JUnitReportReporter -->
<testsuite hostname="DESKTOP-4GHIVJ6" failures="0" tests="1" name="NeoStox.Displaycharttestclass" time="68.152" errors="0" timestamp="2022-11-30T19:54:13 IST" skipped="0">
  <testcase classname="NeoStox.Displaycharttestclass" name="changedisplay" time="68.152"/>
  <system-out>
    <![CDATA[Changing chart style]]>
  </system-out>
</testsuite> <!-- NeoStox.Displaycharttestclass -->
